{
  "Dataset" : "ZZ_TuneZ2_7TeV_pythia6_tauola_Fall11_PU_S6_START42_V14B_v1",
  "Configuration" :
  {
    "Common.AlphaT.CalcWithEt" : 1,
    "Common.ApplyXCleaning" : 1,
    "Common.Electrons.ApplyID" : 1,
    "Common.Electrons.CombIsoCut" : 0.15,
    "Common.Electrons.EtaCut" : 2.5,
    "Common.Electrons.PtCut" : 10,
    "Common.Electrons.RequireLooseForOdd" : 1,
    "Common.Electrons.TightID" : 0,
    "Common.Electrons.TrkIsoCut" : -1,
    "Common.Jets.ApplyID" : 1,
    "Common.Jets.EtaCut" : 3,
    "Common.Jets.PtCut" : 50,
    "Common.Jets.TightID" : 0,
    "Common.Muons.ApplyID" : 1,
    "Common.Muons.CombIsoCut" : 0.15,
    "Common.Muons.EtaCut" : 2.5,
    "Common.Muons.PtCut" : 10,
    "Common.Muons.RequireLooseForOdd" : 1,
    "Common.Muons.TightID" : 1,
    "Common.Muons.TrkIsoCut" : -1,
    "Common.Photons.EcalIsoCut" : 4,
    "Common.Photons.EcalIsoRel" : 0,
    "Common.Photons.EtCut" : 25,
    "Common.Photons.EtaEBMaxCut" : 1.479,
    "Common.Photons.EtaEEMaxCut" : 2.5,
    "Common.Photons.EtaEEMinCut" : 1.525,
    "Common.Photons.HadOverEmCut" : 0.05,
    "Common.Photons.HcalIsoCut" : 2,
    "Common.Photons.HcalIsoRel" : 0,
    "Common.Photons.IDReq" : 3,
    "Common.Photons.R9Cut" : 0,
    "Common.Photons.RequireLooseForOdd" : 1,
    "Common.Photons.SigIhIhEBCut" : 0.015,
    "Common.Photons.SigIhIhEECut" : 0.035,
    "Common.Photons.TrackIsoCut" : 2,
    "Common.Photons.TrackIsoRel" : 0,
    "Common.Photons.UseID" : 1,
    "Common.Taus.ApplyID" : 1,
    "Common.Taus.ElecClean" : 0,
    "Common.Taus.EtaCut" : 2.5,
    "Common.Taus.JetClean" : 0,
    "Common.Taus.MuonClean" : 0,
    "Common.Taus.PtCut" : 20,
    "Common.Taus.TightID" : 0,
    "Gen.Electrons.EtaCut" : 999,
    "Gen.Electrons.PtCut" : -1,
    "Gen.Muons.EtaCut" : 999,
    "Gen.Muons.PtCut" : -1,
    "LogFileFormat" : "JSON",
    "NT7.GenMatch.ElecPzLTReqForMatch" : 998,
    "NT7.GenMatch.JetEtaLTReq" : 100,
    "NT7.GenMatch.MuonPzLTReqForMatch" : 998,
    "NT7.JetCorrType" : "MC",
    "NT7.Smear.IsJetSmeared" : 0,
    "NT7.Smear.SmearJetFactor" : 0,
    "NT7.Smear.SmearJetNonGaussNorm" : 0,
    "NT7.Smear.SmearJetRespFuncFileName" : "./Response.root",
    "NT7.Smear.SmearJetType" : "pT",
    "NT7.Xclean.ElecCcAssocElecReq" : 0,
    "NT7.Xclean.JetCcAssocJetReq" : 0,
    "NT7.Xclean.MuonCcAssocMuonReq" : 0,
    "NT7.Xclean.PhotCcAssocPhotReq" : 0,
    "Ntuple.Electrons.LooseID" : "EIDLoose",
    "Ntuple.Electrons.Prefix" : "electron",
    "Ntuple.Electrons.Suffix" : "Pat",
    "Ntuple.Electrons.TightID" : "EIDTight",
    "Ntuple.Jets.Prefix" : "ak5Jet",
    "Ntuple.Jets.Suffix" : "Pat",
    "Ntuple.Jets.Uncorrected" : 0,
    "Ntuple.Muons.LooseID" : "IsGlobalMuon",
    "Ntuple.Muons.Prefix" : "muon",
    "Ntuple.Muons.Suffix" : "Pat",
    "Ntuple.Muons.TightID" : "IDGlobalMuonPromptTight",
    "Ntuple.Photons.Prefix" : "photon",
    "Ntuple.Photons.Suffix" : "Pat",
    "Ntuple.SecJets.Prefix" : "ak5JetPF2PAT",
    "Ntuple.SecJets.Suffix" : "Pat",
    "Ntuple.SecJets.Uncorrected" : 0,
    "Ntuple.SecMuons.Prefix" : "muon",
    "Ntuple.SecMuons.Suffix" : "PF",
    "Ntuple.SecTaus.Prefix" : "tauHPS",
    "Ntuple.SecTaus.Suffix" : "PF",
    "Ntuple.Taus.LooseID" : "TauIdbyTaNCfrOnePercent",
    "Ntuple.Taus.Prefix" : "tau",
    "Ntuple.Taus.Suffix" : "Pat",
    "Ntuple.Taus.TightID" : "TauIdbyTaNCfrTenthPercent",
    "Ntuple.TerJets.Prefix" : "ak5JetJPT",
    "Ntuple.TerJets.Suffix" : "Pat",
    "Ntuple.TerJets.Uncorrected" : 0,
    "Ntuple.Weight" : "User",
    "XCleaning.ElectronJet" : 1,
    "XCleaning.Electrons.CombIsoCut" : 0.15,
    "XCleaning.Electrons.ElectronIsoTypePtCutoff" : 0,
    "XCleaning.Electrons.ElectronJetDeltaR" : 0.5,
    "XCleaning.Electrons.ElectronLooseIdRequired" : 1,
    "XCleaning.Electrons.ElectronTightIdRequired" : 0,
    "XCleaning.Electrons.EtaCut" : 2.5,
    "XCleaning.Electrons.PtCut" : 10,
    "XCleaning.Electrons.RequireLooseIdForInitialFilter" : 0,
    "XCleaning.Electrons.TrkIsoCut" : -1,
    "XCleaning.Jets.EtaCut" : 10,
    "XCleaning.Jets.PtCut" : 10,
    "XCleaning.MuonJet" : 1,
    "XCleaning.Muons.CombIsoCut" : 0.15,
    "XCleaning.Muons.EtaCut" : 2.5,
    "XCleaning.Muons.ModifyJetEnergy" : 1,
    "XCleaning.Muons.MuonIsoTypePtCutoff" : 0,
    "XCleaning.Muons.MuonJetDeltaR" : 0.5,
    "XCleaning.Muons.PtCut" : 10,
    "XCleaning.Muons.RequireLooseIdForInitialFilter" : 0,
    "XCleaning.Muons.TrkIsoCut" : -1,
    "XCleaning.PhotonJet" : 1,
    "XCleaning.Photons.CaloIsoCut" : 0.2,
    "XCleaning.Photons.EtCut" : 25,
    "XCleaning.Photons.EtaCut" : 2.5,
    "XCleaning.Photons.EtaEBMaxCut" : 1.479,
    "XCleaning.Photons.EtaEEMaxCut" : 2.5,
    "XCleaning.Photons.EtaEEMinCut" : 1.525,
    "XCleaning.Photons.IDReq" : 3,
    "XCleaning.Photons.PhotonIsoTypePtCutoff" : 30,
    "XCleaning.Photons.PhotonJetDeltaR" : 0.5,
    "XCleaning.Photons.TrkIsoCut" : 2,
    "XCleaning.Photons.UseID" : 1,
    "XCleaning.ResolveConflicts" : 1,
    "XCleaning.TauJet" : 0,
    "XCleaning.Verbose" : 0
  },
  "Dataset Configuration" :
  {
    "CrossSection" : 4.287,
    "Events" : 4171045,
    "File" : "",
    "FileList" : [ "/gpfs_phys/cms-working/clucas/samples/python/montecarlo/Summer11/2012_01_16_10_13_13/ZZ_TuneZ2_7TeV_pythia6_tauola_Fall11_PU_S6_START42_V14B_v1/SusyCAF_Tree_90_0_8Z1.root , /gpfs_phys/cms-working/clucas/samples/python/montecarlo/Summer11/2012_01_16_10_13_13/ZZ_TuneZ2_7TeV_pythia6_tauola_Fall11_PU_S6_START42_V14B_v1/SusyCAF_Tree_91_0_doT.root , /gpfs_phys/cms-working/clucas/samples/python/montecarlo/Summer11/2012_01_16_10_13_13/ZZ_TuneZ2_7TeV_pythia6_tauola_Fall11_PU_S6_START42_V14B_v1/SusyCAF_Tree_92_0_pwi.root , /gpfs_phys/cms-working/clucas/samples/python/montecarlo/Summer11/2012_01_16_10_13_13/ZZ_TuneZ2_7TeV_pythia6_tauola_Fall11_PU_S6_START42_V14B_v1/SusyCAF_Tree_93_0_Qas.root , /gpfs_phys/cms-working/clucas/samples/python/montecarlo/Summer11/2012_01_16_10_13_13/ZZ_TuneZ2_7TeV_pythia6_tauola_Fall11_PU_S6_START42_V14B_v1/SusyCAF_Tree_94_0_JZM.root , /gpfs_phys/cms-working/clucas/samples/python/montecarlo/Summer11/2012_01_16_10_13_13/ZZ_TuneZ2_7TeV_pythia6_tauola_Fall11_PU_S6_START42_V14B_v1/SusyCAF_Tree_95_0_bub.root , /gpfs_phys/cms-working/clucas/samples/python/montecarlo/Summer11/2012_01_16_10_13_13/ZZ_TuneZ2_7TeV_pythia6_tauola_Fall11_PU_S6_START42_V14B_v1/SusyCAF_Tree_96_0_RxO.root , /gpfs_phys/cms-working/clucas/samples/python/montecarlo/Summer11/2012_01_16_10_13_13/ZZ_TuneZ2_7TeV_pythia6_tauola_Fall11_PU_S6_START42_V14B_v1/SusyCAF_Tree_97_0_IVo.root , /gpfs_phys/cms-working/clucas/samples/python/montecarlo/Summer11/2012_01_16_10_13_13/ZZ_TuneZ2_7TeV_pythia6_tauola_Fall11_PU_S6_START42_V14B_v1/SusyCAF_Tree_98_2_ZLd.root , /gpfs_phys/cms-working/clucas/samples/python/montecarlo/Summer11/2012_01_16_10_13_13/ZZ_TuneZ2_7TeV_pythia6_tauola_Fall11_PU_S6_START42_V14B_v1/SusyCAF_Tree_99_0_yWd.root , /gpfs_phys/cms-working/clucas/samples/python/montecarlo/Summer11/2012_01_16_10_13_13/ZZ_TuneZ2_7TeV_pythia6_tauola_Fall11_PU_S6_START42_V14B_v1/SusyCAF_Tree_9_2_c8L.root" ],
    "FirstEntry" : 0,
    "JsonFile" : "../results_21_Feb_14//Smear//AK5Calo_ZZ_TuneZ2_7TeV_pythia6_tauola_Fall11_PU_S6_START42_V14B_v1_5.json",
    "LastEntry" : 0,
    "LogFile" : "../results_21_Feb_14//Smear//AK5Calo_ZZ_TuneZ2_7TeV_pythia6_tauola_Fall11_PU_S6_START42_V14B_v1_5.log",
    "Name" : "ZZ_TuneZ2_7TeV_pythia6_tauola_Fall11_PU_S6_START42_V14B_v1",
    "NtupleFormat" : "ICF",
    "NtupleVersion" : 3,
    "OutputFile" : "../results_21_Feb_14//Smear//AK5Calo_ZZ_TuneZ2_7TeV_pythia6_tauola_Fall11_PU_S6_START42_V14B_v1_5.root",
    "Reweight" : -1,
    "Weight" : -1
  },
  "Weighting" : "Event weights will be calculated for constant number of events: 4171045. Weighted to 100pb^-1. Weight = 0.00010278.",
  "Number of Events Processed" : 22.6116,
  "Cut Flow" : 
  {
    "Tree Name" : "MC",
    "HT 250 GeV " : 
    {
      "efficiency" : 0.08885,
      "T" : 2.00904,
      "eT" : 0.0143697,
      "F" : 20.6026,
      "eF" : 0.0460166,
      "Check if an event failed noise filtering criteria" : 
      {
        "efficiency" : 0.99601,
        "T" : 2.00102,
        "eT" : 0.014341,
        "F" : 0.00801684,
        "eF" : 0.000907728,
        "Check if an event failed Good event selection" : 
        {
          "efficiency" : 0.995634,
          "T" : 1.99229,
          "eT" : 0.0143097,
          "F" : 0.0087363,
          "eF" : 0.000947585,
          "Veto Events with sum of cleaned rechits above 30 GeV " : 
          {
            "efficiency" : 0.991385,
            "T" : 1.97512,
            "eT" : 0.0142479,
            "F" : 0.0171643,
            "eF" : 0.00132821,
            " first Jet Eta < 2.5 rad): " : 
            {
              "efficiency" : 0.970027,
              "T" : 1.91592,
              "eT" : 0.0140328,
              "F" : 0.0592013,
              "eF" : 0.00246672,
              "Second jet Pt > 100 GeV: " : 
              {
                "efficiency" : 0.490156,
                "T" : 0.939101,
                "eT" : 0.0098245,
                "F" : 0.976821,
                "eF" : 0.0100199,
                "Check if a jet failed loose quality criteria" : 
                {
                  "efficiency" : 0.999343,
                  "T" : 0.938484,
                  "eT" : 0.00982127,
                  "F" : 0.00061668,
                  "eF" : 0.000251759,
                  "Bad muon in a Jet" : 
                  {
                    "efficiency" : 0.987296,
                    "T" : 0.926562,
                    "eT" : 0.00975869,
                    "F" : 0.0119225,
                    "eF" : 0.00110697,
                    "Check if a electron failed loose quality criteria" : 
                    {
                      "efficiency" : 1,
                      "T" : 0.926562,
                      "eT" : 0.00975869,
                      "F" : 0,
                      "eF" : 0,
                      "Check if a photon failed loose quality criteria" : 
                      {
                        "efficiency" : 1,
                        "T" : 0.926562,
                        "eT" : 0.00975869,
                        "F" : 0,
                        "eF" : 0,
                        "NumComElectrons Operation (num unsigned int <= 0)" : 
                        {
                          "efficiency" : 0.969828,
                          "T" : 0.898606,
                          "eT" : 0.00961034,
                          "F" : 0.0279562,
                          "eF" : 0.00169509,
                          "Number of Common Photons unsigned int <= 0)" : 
                          {
                            "efficiency" : 0.997141,
                            "T" : 0.896036,
                            "eT" : 0.00959659,
                            "F" : 0.0025695,
                            "eF" : 0.0005139,
                            "Checking that  sum Vertex Pt / HT is  > 0.1 " : 
                            {
                              "efficiency" : 0.999885,
                              "T" : 0.895933,
                              "eT" : 0.00959604,
                              "F" : 0.00010278,
                              "eF" : 0.00010278,
                              "HT 275 GeV " : 
                              {
                                "efficiency" : 0.909258,
                                "T" : 0.814634,
                                "eT" : 0.00915031,
                                "F" : 0.081299,
                                "eF" : 0.00289066,
                                "Dead ECAL cut 0.3 " : 
                                {
                                  "efficiency" : 0.316427,
                                  "T" : 0.257772,
                                  "eT" : 0.00514722,
                                  "F" : 0.556862,
                                  "eF" : 0.00756533,
                                  "Passing MHT over MET cut of: 1.25 " : 
                                  {
                                    "efficiency" : 0.579745,
                                    "T" : 0.149442,
                                    "eT" : 0.00391914,
                                    "F" : 0.10833,
                                    "eF" : 0.00333679,
                                    "NumComMuons Operation (num unsigned int <= 0)" : 
                                    {
                                      "efficiency" : 0.950481,
                                      "T" : 0.142042,
                                      "eT" : 0.00382087,
                                      "F" : 0.00740016,
                                      "eF" : 0.000872117,
                                      "HT 375 GeV " : 
                                      {
                                        "efficiency" : 0.526049,
                                        "T" : 0.0747211,
                                        "eT" : 0.00277125,
                                        "F" : 0.0673209,
                                        "eF" : 0.00263045,
                                        "HT less than475 GeV " : 
                                        {
                                          "efficiency" : 0.594223,
                                          "T" : 0.044401,
                                          "eT" : 0.00213624,
                                          "F" : 0.0303201,
                                          "eF" : 0.0017653,
                                          "Hadronic Common Plots (bins 2 to 15) " : 
                                          {
                                            "efficiency" : 1,
                                            "T" : 0.044401,
                                            "eT" : 0.00213624,
                                            "F" : 0,
                                            "eF" : 0
                                          },
                                          "CommonAlphaTCut " : 
                                          {
                                            "efficiency" : 0.0740741,
                                            "T" : 0.00328896,
                                            "eT" : 0.000581411,
                                            "F" : 0.041112,
                                            "eF" : 0.0020556,
                                            "Dumped event info  " : 
                                            {
                                              "efficiency" : 1,
                                              "T" : 0.00328896,
                                              "eT" : 0.000581411,
                                              "F" : 0,
                                              "eF" : 0
                                            }
                                          }
                                        }
                                      },
                                      "HT 475 GeV " : 
                                      {
                                        "efficiency" : 0.213459,
                                        "T" : 0.0303201,
                                        "eT" : 0.0017653,
                                        "F" : 0.111722,
                                        "eF" : 0.00338862,
                                        "HT less than575 GeV " : 
                                        {
                                          "efficiency" : 0.535593,
                                          "T" : 0.0162392,
                                          "eT" : 0.00129192,
                                          "F" : 0.0140809,
                                          "eF" : 0.00120301,
                                          "Hadronic Common Plots (bins 2 to 15) " : 
                                          {
                                            "efficiency" : 1,
                                            "T" : 0.0162392,
                                            "eT" : 0.00129192,
                                            "F" : 0,
                                            "eF" : 0
                                          },
                                          "CommonAlphaTCut " : 
                                          {
                                            "efficiency" : 0.0759494,
                                            "T" : 0.00123336,
                                            "eT" : 0.00035604,
                                            "F" : 0.0150059,
                                            "eF" : 0.0012419,
                                            "Dumped event info  " : 
                                            {
                                              "efficiency" : 1,
                                              "T" : 0.00123336,
                                              "eT" : 0.00035604,
                                              "F" : 0,
                                              "eF" : 0
                                            }
                                          }
                                        }
                                      },
                                      "HT 575 GeV " : 
                                      {
                                        "efficiency" : 0.0991317,
                                        "T" : 0.0140809,
                                        "eT" : 0.00120301,
                                        "F" : 0.127961,
                                        "eF" : 0.00362655,
                                        "HT less than675 GeV " : 
                                        {
                                          "efficiency" : 0.481752,
                                          "T" : 0.00678348,
                                          "eT" : 0.000834989,
                                          "F" : 0.00729738,
                                          "eF" : 0.00086604,
                                          "Hadronic Common Plots (bins 2 to 15) " : 
                                          {
                                            "efficiency" : 1,
                                            "T" : 0.00678348,
                                            "eT" : 0.000834989,
                                            "F" : 0,
                                            "eF" : 0
                                          },
                                          "CommonAlphaTCut " : 
                                          {
                                            "efficiency" : 0.0606061,
                                            "T" : 0.00041112,
                                            "eT" : 0.00020556,
                                            "F" : 0.00637236,
                                            "eF" : 0.000809291,
                                            "Dumped event info  " : 
                                            {
                                              "efficiency" : 1,
                                              "T" : 0.00041112,
                                              "eT" : 0.00020556,
                                              "F" : 0,
                                              "eF" : 0
                                            }
                                          }
                                        }
                                      },
                                      "HT 675 GeV " : 
                                      {
                                        "efficiency" : 0.0513748,
                                        "T" : 0.00729738,
                                        "eT" : 0.00086604,
                                        "F" : 0.134745,
                                        "eF" : 0.00372143,
                                        "HT less than775 GeV " : 
                                        {
                                          "efficiency" : 0.478873,
                                          "T" : 0.00349452,
                                          "eT" : 0.000599305,
                                          "F" : 0.00380286,
                                          "eF" : 0.000625186,
                                          "Hadronic Common Plots (bins 2 to 15) " : 
                                          {
                                            "efficiency" : 1,
                                            "T" : 0.00349452,
                                            "eT" : 0.000599305,
                                            "F" : 0,
                                            "eF" : 0
                                          },
                                          "CommonAlphaTCut " : 
                                          {
                                            "efficiency" : 0,
                                            "T" : 0,
                                            "eT" : 0,
                                            "F" : 0.00349452,
                                            "eF" : 0.000599305,
                                            "Dumped event info  " : 
                                            {
                                              "efficiency" : 0,
                                              "T" : 0,
                                              "eT" : 0,
                                              "F" : 0,
                                              "eF" : 0
                                            }
                                          }
                                        }
                                      },
                                      "HT 775 GeV " : 
                                      {
                                        "efficiency" : 0.0267728,
                                        "T" : 0.00380286,
                                        "eT" : 0.000625186,
                                        "F" : 0.138239,
                                        "eF" : 0.00376938,
                                        "HT less than875 GeV " : 
                                        {
                                          "efficiency" : 0.459459,
                                          "T" : 0.00174726,
                                          "eT" : 0.000423773,
                                          "F" : 0.0020556,
                                          "eF" : 0.000459646,
                                          "Hadronic Common Plots (bins 2 to 15) " : 
                                          {
                                            "efficiency" : 1,
                                            "T" : 0.00174726,
                                            "eT" : 0.000423773,
                                            "F" : 0,
                                            "eF" : 0
                                          },
                                          "CommonAlphaTCut " : 
                                          {
                                            "efficiency" : 0,
                                            "T" : 0,
                                            "eT" : 0,
                                            "F" : 0.00174726,
                                            "eF" : 0.000423773,
                                            "Dumped event info  " : 
                                            {
                                              "efficiency" : 0,
                                              "T" : 0,
                                              "eT" : 0,
                                              "F" : 0,
                                              "eF" : 0
                                            }
                                          }
                                        }
                                      },
                                      "HT 875 GeV " : 
                                      {
                                        "efficiency" : 0.0144718,
                                        "T" : 0.0020556,
                                        "eT" : 0.000459646,
                                        "F" : 0.139986,
                                        "eF" : 0.00379313,
                                        "Hadronic Common Plots (bins 2 to 15) " : 
                                        {
                                          "efficiency" : 1,
                                          "T" : 0.0020556,
                                          "eT" : 0.000459646,
                                          "F" : 0,
                                          "eF" : 0
                                        },
                                        "CommonAlphaTCut " : 
                                        {
                                          "efficiency" : 0,
                                          "T" : 0,
                                          "eT" : 0,
                                          "F" : 0.0020556,
                                          "eF" : 0.000459646,
                                          "Dumped event info  " : 
                                          {
                                            "efficiency" : 0,
                                            "T" : 0,
                                            "eT" : 0,
                                            "F" : 0,
                                            "eF" : 0
                                          }
                                        }
                                      }
                                    }
                                  }
                                }
                              }
                            }
                          }
                        }
                      }
                    }
                  }
                }
              }
            }
          }
        }
      }
    }
  }
}