{
  "Dataset" : "ZZ_TuneZ2_7TeV_pythia6_tauola_Fall11_PU_S6_START42_V14B_v1",
  "Configuration" :
  {
    "Common.AlphaT.CalcWithEt" : 1,
    "Common.ApplyXCleaning" : 1,
    "Common.Electrons.ApplyID" : 1,
    "Common.Electrons.CombIsoCut" : 0.15,
    "Common.Electrons.EtaCut" : 2.5,
    "Common.Electrons.PtCut" : 10,
    "Common.Electrons.RequireLooseForOdd" : 1,
    "Common.Electrons.TightID" : 0,
    "Common.Electrons.TrkIsoCut" : -1,
    "Common.Jets.ApplyID" : 1,
    "Common.Jets.EtaCut" : 3,
    "Common.Jets.PtCut" : 50,
    "Common.Jets.TightID" : 0,
    "Common.Muons.ApplyID" : 1,
    "Common.Muons.CombIsoCut" : 0.15,
    "Common.Muons.EtaCut" : 2.5,
    "Common.Muons.PtCut" : 10,
    "Common.Muons.RequireLooseForOdd" : 1,
    "Common.Muons.TightID" : 1,
    "Common.Muons.TrkIsoCut" : -1,
    "Common.Photons.EcalIsoCut" : 4,
    "Common.Photons.EcalIsoRel" : 0,
    "Common.Photons.EtCut" : 25,
    "Common.Photons.EtaEBMaxCut" : 1.479,
    "Common.Photons.EtaEEMaxCut" : 2.5,
    "Common.Photons.EtaEEMinCut" : 1.525,
    "Common.Photons.HadOverEmCut" : 0.05,
    "Common.Photons.HcalIsoCut" : 2,
    "Common.Photons.HcalIsoRel" : 0,
    "Common.Photons.IDReq" : 3,
    "Common.Photons.R9Cut" : 0,
    "Common.Photons.RequireLooseForOdd" : 1,
    "Common.Photons.SigIhIhEBCut" : 0.015,
    "Common.Photons.SigIhIhEECut" : 0.035,
    "Common.Photons.TrackIsoCut" : 2,
    "Common.Photons.TrackIsoRel" : 0,
    "Common.Photons.UseID" : 1,
    "Common.Taus.ApplyID" : 1,
    "Common.Taus.ElecClean" : 0,
    "Common.Taus.EtaCut" : 2.5,
    "Common.Taus.JetClean" : 0,
    "Common.Taus.MuonClean" : 0,
    "Common.Taus.PtCut" : 20,
    "Common.Taus.TightID" : 0,
    "Gen.Electrons.EtaCut" : 999,
    "Gen.Electrons.PtCut" : -1,
    "Gen.Muons.EtaCut" : 999,
    "Gen.Muons.PtCut" : -1,
    "LogFileFormat" : "JSON",
    "NT7.GenMatch.ElecPzLTReqForMatch" : 998,
    "NT7.GenMatch.JetEtaLTReq" : 100,
    "NT7.GenMatch.MuonPzLTReqForMatch" : 998,
    "NT7.JetCorrType" : "MC",
    "NT7.Smear.IsJetSmeared" : 0,
    "NT7.Smear.SmearJetFactor" : 0,
    "NT7.Smear.SmearJetNonGaussNorm" : 0,
    "NT7.Smear.SmearJetRespFuncFileName" : "./Response.root",
    "NT7.Smear.SmearJetType" : "pT",
    "NT7.Xclean.ElecCcAssocElecReq" : 0,
    "NT7.Xclean.JetCcAssocJetReq" : 0,
    "NT7.Xclean.MuonCcAssocMuonReq" : 0,
    "NT7.Xclean.PhotCcAssocPhotReq" : 0,
    "Ntuple.Electrons.LooseID" : "EIDLoose",
    "Ntuple.Electrons.Prefix" : "electron",
    "Ntuple.Electrons.Suffix" : "Pat",
    "Ntuple.Electrons.TightID" : "EIDTight",
    "Ntuple.Jets.Prefix" : "ak5Jet",
    "Ntuple.Jets.Suffix" : "Pat",
    "Ntuple.Jets.Uncorrected" : 0,
    "Ntuple.Muons.LooseID" : "IsGlobalMuon",
    "Ntuple.Muons.Prefix" : "muon",
    "Ntuple.Muons.Suffix" : "Pat",
    "Ntuple.Muons.TightID" : "IDGlobalMuonPromptTight",
    "Ntuple.Photons.Prefix" : "photon",
    "Ntuple.Photons.Suffix" : "Pat",
    "Ntuple.SecJets.Prefix" : "ak5JetPF2PAT",
    "Ntuple.SecJets.Suffix" : "Pat",
    "Ntuple.SecJets.Uncorrected" : 0,
    "Ntuple.SecMuons.Prefix" : "muon",
    "Ntuple.SecMuons.Suffix" : "PF",
    "Ntuple.SecTaus.Prefix" : "tauHPS",
    "Ntuple.SecTaus.Suffix" : "PF",
    "Ntuple.Taus.LooseID" : "TauIdbyTaNCfrOnePercent",
    "Ntuple.Taus.Prefix" : "tau",
    "Ntuple.Taus.Suffix" : "Pat",
    "Ntuple.Taus.TightID" : "TauIdbyTaNCfrTenthPercent",
    "Ntuple.TerJets.Prefix" : "ak5JetJPT",
    "Ntuple.TerJets.Suffix" : "Pat",
    "Ntuple.TerJets.Uncorrected" : 0,
    "Ntuple.Weight" : "User",
    "XCleaning.ElectronJet" : 1,
    "XCleaning.Electrons.CombIsoCut" : 0.15,
    "XCleaning.Electrons.ElectronIsoTypePtCutoff" : 0,
    "XCleaning.Electrons.ElectronJetDeltaR" : 0.5,
    "XCleaning.Electrons.ElectronLooseIdRequired" : 1,
    "XCleaning.Electrons.ElectronTightIdRequired" : 0,
    "XCleaning.Electrons.EtaCut" : 2.5,
    "XCleaning.Electrons.PtCut" : 10,
    "XCleaning.Electrons.RequireLooseIdForInitialFilter" : 0,
    "XCleaning.Electrons.TrkIsoCut" : -1,
    "XCleaning.Jets.EtaCut" : 10,
    "XCleaning.Jets.PtCut" : 10,
    "XCleaning.MuonJet" : 1,
    "XCleaning.Muons.CombIsoCut" : 0.15,
    "XCleaning.Muons.EtaCut" : 2.5,
    "XCleaning.Muons.ModifyJetEnergy" : 1,
    "XCleaning.Muons.MuonIsoTypePtCutoff" : 0,
    "XCleaning.Muons.MuonJetDeltaR" : 0.5,
    "XCleaning.Muons.PtCut" : 10,
    "XCleaning.Muons.RequireLooseIdForInitialFilter" : 0,
    "XCleaning.Muons.TrkIsoCut" : -1,
    "XCleaning.PhotonJet" : 1,
    "XCleaning.Photons.CaloIsoCut" : 0.2,
    "XCleaning.Photons.EtCut" : 25,
    "XCleaning.Photons.EtaCut" : 2.5,
    "XCleaning.Photons.EtaEBMaxCut" : 1.479,
    "XCleaning.Photons.EtaEEMaxCut" : 2.5,
    "XCleaning.Photons.EtaEEMinCut" : 1.525,
    "XCleaning.Photons.IDReq" : 3,
    "XCleaning.Photons.PhotonIsoTypePtCutoff" : 30,
    "XCleaning.Photons.PhotonJetDeltaR" : 0.5,
    "XCleaning.Photons.TrkIsoCut" : 2,
    "XCleaning.Photons.UseID" : 1,
    "XCleaning.ResolveConflicts" : 1,
    "XCleaning.TauJet" : 0,
    "XCleaning.Verbose" : 0
  },
  "Dataset Configuration" :
  {
    "CrossSection" : 4.287,
    "Events" : 4171045,
    "File" : "",
    "FileList" : [ "/gpfs_phys/cms-working/clucas/samples/python/montecarlo/Summer11/2012_01_16_10_13_13/ZZ_TuneZ2_7TeV_pythia6_tauola_Fall11_PU_S6_START42_V14B_v1/SusyCAF_Tree_191_2_0qZ.root , /gpfs_phys/cms-working/clucas/samples/python/montecarlo/Summer11/2012_01_16_10_13_13/ZZ_TuneZ2_7TeV_pythia6_tauola_Fall11_PU_S6_START42_V14B_v1/SusyCAF_Tree_192_1_pUD.root , /gpfs_phys/cms-working/clucas/samples/python/montecarlo/Summer11/2012_01_16_10_13_13/ZZ_TuneZ2_7TeV_pythia6_tauola_Fall11_PU_S6_START42_V14B_v1/SusyCAF_Tree_193_1_MkX.root , /gpfs_phys/cms-working/clucas/samples/python/montecarlo/Summer11/2012_01_16_10_13_13/ZZ_TuneZ2_7TeV_pythia6_tauola_Fall11_PU_S6_START42_V14B_v1/SusyCAF_Tree_194_1_utj.root , /gpfs_phys/cms-working/clucas/samples/python/montecarlo/Summer11/2012_01_16_10_13_13/ZZ_TuneZ2_7TeV_pythia6_tauola_Fall11_PU_S6_START42_V14B_v1/SusyCAF_Tree_195_1_HdD.root , /gpfs_phys/cms-working/clucas/samples/python/montecarlo/Summer11/2012_01_16_10_13_13/ZZ_TuneZ2_7TeV_pythia6_tauola_Fall11_PU_S6_START42_V14B_v1/SusyCAF_Tree_196_1_Mgj.root , /gpfs_phys/cms-working/clucas/samples/python/montecarlo/Summer11/2012_01_16_10_13_13/ZZ_TuneZ2_7TeV_pythia6_tauola_Fall11_PU_S6_START42_V14B_v1/SusyCAF_Tree_197_1_Dtd.root , /gpfs_phys/cms-working/clucas/samples/python/montecarlo/Summer11/2012_01_16_10_13_13/ZZ_TuneZ2_7TeV_pythia6_tauola_Fall11_PU_S6_START42_V14B_v1/SusyCAF_Tree_198_1_AZg.root , /gpfs_phys/cms-working/clucas/samples/python/montecarlo/Summer11/2012_01_16_10_13_13/ZZ_TuneZ2_7TeV_pythia6_tauola_Fall11_PU_S6_START42_V14B_v1/SusyCAF_Tree_199_1_CMO.root , /gpfs_phys/cms-working/clucas/samples/python/montecarlo/Summer11/2012_01_16_10_13_13/ZZ_TuneZ2_7TeV_pythia6_tauola_Fall11_PU_S6_START42_V14B_v1/SusyCAF_Tree_19_2_Iv9.root , /gpfs_phys/cms-working/clucas/samples/python/montecarlo/Summer11/2012_01_16_10_13_13/ZZ_TuneZ2_7TeV_pythia6_tauola_Fall11_PU_S6_START42_V14B_v1/SusyCAF_Tree_1_3_EX8.root , /gpfs_phys/cms-working/clucas/samples/python/montecarlo/Summer11/2012_01_16_10_13_13/ZZ_TuneZ2_7TeV_pythia6_tauola_Fall11_PU_S6_START42_V14B_v1/SusyCAF_Tree_200_1_Fat.root , /gpfs_phys/cms-working/clucas/samples/python/montecarlo/Summer11/2012_01_16_10_13_13/ZZ_TuneZ2_7TeV_pythia6_tauola_Fall11_PU_S6_START42_V14B_v1/SusyCAF_Tree_201_1_R7p.root , /gpfs_phys/cms-working/clucas/samples/python/montecarlo/Summer11/2012_01_16_10_13_13/ZZ_TuneZ2_7TeV_pythia6_tauola_Fall11_PU_S6_START42_V14B_v1/SusyCAF_Tree_202_3_BnU.root , /gpfs_phys/cms-working/clucas/samples/python/montecarlo/Summer11/2012_01_16_10_13_13/ZZ_TuneZ2_7TeV_pythia6_tauola_Fall11_PU_S6_START42_V14B_v1/SusyCAF_Tree_203_1_gA9.root , /gpfs_phys/cms-working/clucas/samples/python/montecarlo/Summer11/2012_01_16_10_13_13/ZZ_TuneZ2_7TeV_pythia6_tauola_Fall11_PU_S6_START42_V14B_v1/SusyCAF_Tree_204_2_Dxx.root , /gpfs_phys/cms-working/clucas/samples/python/montecarlo/Summer11/2012_01_16_10_13_13/ZZ_TuneZ2_7TeV_pythia6_tauola_Fall11_PU_S6_START42_V14B_v1/SusyCAF_Tree_205_1_QbA.root , /gpfs_phys/cms-working/clucas/samples/python/montecarlo/Summer11/2012_01_16_10_13_13/ZZ_TuneZ2_7TeV_pythia6_tauola_Fall11_PU_S6_START42_V14B_v1/SusyCAF_Tree_206_2_r9N.root , /gpfs_phys/cms-working/clucas/samples/python/montecarlo/Summer11/2012_01_16_10_13_13/ZZ_TuneZ2_7TeV_pythia6_tauola_Fall11_PU_S6_START42_V14B_v1/SusyCAF_Tree_207_3_dLs.root , /gpfs_phys/cms-working/clucas/samples/python/montecarlo/Summer11/2012_01_16_10_13_13/ZZ_TuneZ2_7TeV_pythia6_tauola_Fall11_PU_S6_START42_V14B_v1/SusyCAF_Tree_208_2_H8U.root , /gpfs_phys/cms-working/clucas/samples/python/montecarlo/Summer11/2012_01_16_10_13_13/ZZ_TuneZ2_7TeV_pythia6_tauola_Fall11_PU_S6_START42_V14B_v1/SusyCAF_Tree_209_1_8iA.root , /gpfs_phys/cms-working/clucas/samples/python/montecarlo/Summer11/2012_01_16_10_13_13/ZZ_TuneZ2_7TeV_pythia6_tauola_Fall11_PU_S6_START42_V14B_v1/SusyCAF_Tree_20_1_zDY.root , /gpfs_phys/cms-working/clucas/samples/python/montecarlo/Summer11/2012_01_16_10_13_13/ZZ_TuneZ2_7TeV_pythia6_tauola_Fall11_PU_S6_START42_V14B_v1/SusyCAF_Tree_210_3_tLj.root , /gpfs_phys/cms-working/clucas/samples/python/montecarlo/Summer11/2012_01_16_10_13_13/ZZ_TuneZ2_7TeV_pythia6_tauola_Fall11_PU_S6_START42_V14B_v1/SusyCAF_Tree_211_3_JYL.root , /gpfs_phys/cms-working/clucas/samples/python/montecarlo/Summer11/2012_01_16_10_13_13/ZZ_TuneZ2_7TeV_pythia6_tauola_Fall11_PU_S6_START42_V14B_v1/SusyCAF_Tree_212_1_0eq.root , /gpfs_phys/cms-working/clucas/samples/python/montecarlo/Summer11/2012_01_16_10_13_13/ZZ_TuneZ2_7TeV_pythia6_tauola_Fall11_PU_S6_START42_V14B_v1/SusyCAF_Tree_21_1_xsB.root , /gpfs_phys/cms-working/clucas/samples/python/montecarlo/Summer11/2012_01_16_10_13_13/ZZ_TuneZ2_7TeV_pythia6_tauola_Fall11_PU_S6_START42_V14B_v1/SusyCAF_Tree_22_1_pvO.root , /gpfs_phys/cms-working/clucas/samples/python/montecarlo/Summer11/2012_01_16_10_13_13/ZZ_TuneZ2_7TeV_pythia6_tauola_Fall11_PU_S6_START42_V14B_v1/SusyCAF_Tree_23_1_0pv.root , /gpfs_phys/cms-working/clucas/samples/python/montecarlo/Summer11/2012_01_16_10_13_13/ZZ_TuneZ2_7TeV_pythia6_tauola_Fall11_PU_S6_START42_V14B_v1/SusyCAF_Tree_24_1_uAj.root , /gpfs_phys/cms-working/clucas/samples/python/montecarlo/Summer11/2012_01_16_10_13_13/ZZ_TuneZ2_7TeV_pythia6_tauola_Fall11_PU_S6_START42_V14B_v1/SusyCAF_Tree_25_1_f1c.root , /gpfs_phys/cms-working/clucas/samples/python/montecarlo/Summer11/2012_01_16_10_13_13/ZZ_TuneZ2_7TeV_pythia6_tauola_Fall11_PU_S6_START42_V14B_v1/SusyCAF_Tree_26_1_tJH.root , /gpfs_phys/cms-working/clucas/samples/python/montecarlo/Summer11/2012_01_16_10_13_13/ZZ_TuneZ2_7TeV_pythia6_tauola_Fall11_PU_S6_START42_V14B_v1/SusyCAF_Tree_27_1_hwF.root , /gpfs_phys/cms-working/clucas/samples/python/montecarlo/Summer11/2012_01_16_10_13_13/ZZ_TuneZ2_7TeV_pythia6_tauola_Fall11_PU_S6_START42_V14B_v1/SusyCAF_Tree_28_2_W74.root , /gpfs_phys/cms-working/clucas/samples/python/montecarlo/Summer11/2012_01_16_10_13_13/ZZ_TuneZ2_7TeV_pythia6_tauola_Fall11_PU_S6_START42_V14B_v1/SusyCAF_Tree_29_1_DfT.root , /gpfs_phys/cms-working/clucas/samples/python/montecarlo/Summer11/2012_01_16_10_13_13/ZZ_TuneZ2_7TeV_pythia6_tauola_Fall11_PU_S6_START42_V14B_v1/SusyCAF_Tree_2_1_J0o.root , /gpfs_phys/cms-working/clucas/samples/python/montecarlo/Summer11/2012_01_16_10_13_13/ZZ_TuneZ2_7TeV_pythia6_tauola_Fall11_PU_S6_START42_V14B_v1/SusyCAF_Tree_30_1_6oT.root , /gpfs_phys/cms-working/clucas/samples/python/montecarlo/Summer11/2012_01_16_10_13_13/ZZ_TuneZ2_7TeV_pythia6_tauola_Fall11_PU_S6_START42_V14B_v1/SusyCAF_Tree_31_2_XHD.root , /gpfs_phys/cms-working/clucas/samples/python/montecarlo/Summer11/2012_01_16_10_13_13/ZZ_TuneZ2_7TeV_pythia6_tauola_Fall11_PU_S6_START42_V14B_v1/SusyCAF_Tree_32_1_994.root , /gpfs_phys/cms-working/clucas/samples/python/montecarlo/Summer11/2012_01_16_10_13_13/ZZ_TuneZ2_7TeV_pythia6_tauola_Fall11_PU_S6_START42_V14B_v1/SusyCAF_Tree_33_1_FQl.root , /gpfs_phys/cms-working/clucas/samples/python/montecarlo/Summer11/2012_01_16_10_13_13/ZZ_TuneZ2_7TeV_pythia6_tauola_Fall11_PU_S6_START42_V14B_v1/SusyCAF_Tree_34_1_gWA.root , /gpfs_phys/cms-working/clucas/samples/python/montecarlo/Summer11/2012_01_16_10_13_13/ZZ_TuneZ2_7TeV_pythia6_tauola_Fall11_PU_S6_START42_V14B_v1/SusyCAF_Tree_35_1_4Il.root , /gpfs_phys/cms-working/clucas/samples/python/montecarlo/Summer11/2012_01_16_10_13_13/ZZ_TuneZ2_7TeV_pythia6_tauola_Fall11_PU_S6_START42_V14B_v1/SusyCAF_Tree_37_1_Amm.root , /gpfs_phys/cms-working/clucas/samples/python/montecarlo/Summer11/2012_01_16_10_13_13/ZZ_TuneZ2_7TeV_pythia6_tauola_Fall11_PU_S6_START42_V14B_v1/SusyCAF_Tree_38_1_81b.root , /gpfs_phys/cms-working/clucas/samples/python/montecarlo/Summer11/2012_01_16_10_13_13/ZZ_TuneZ2_7TeV_pythia6_tauola_Fall11_PU_S6_START42_V14B_v1/SusyCAF_Tree_39_1_8YD.root , /gpfs_phys/cms-working/clucas/samples/python/montecarlo/Summer11/2012_01_16_10_13_13/ZZ_TuneZ2_7TeV_pythia6_tauola_Fall11_PU_S6_START42_V14B_v1/SusyCAF_Tree_3_3_5HD.root , /gpfs_phys/cms-working/clucas/samples/python/montecarlo/Summer11/2012_01_16_10_13_13/ZZ_TuneZ2_7TeV_pythia6_tauola_Fall11_PU_S6_START42_V14B_v1/SusyCAF_Tree_40_1_R8H.root , /gpfs_phys/cms-working/clucas/samples/python/montecarlo/Summer11/2012_01_16_10_13_13/ZZ_TuneZ2_7TeV_pythia6_tauola_Fall11_PU_S6_START42_V14B_v1/SusyCAF_Tree_41_1_dPc.root , /gpfs_phys/cms-working/clucas/samples/python/montecarlo/Summer11/2012_01_16_10_13_13/ZZ_TuneZ2_7TeV_pythia6_tauola_Fall11_PU_S6_START42_V14B_v1/SusyCAF_Tree_42_2_kb6.root , /gpfs_phys/cms-working/clucas/samples/python/montecarlo/Summer11/2012_01_16_10_13_13/ZZ_TuneZ2_7TeV_pythia6_tauola_Fall11_PU_S6_START42_V14B_v1/SusyCAF_Tree_43_1_bvQ.root , /gpfs_phys/cms-working/clucas/samples/python/montecarlo/Summer11/2012_01_16_10_13_13/ZZ_TuneZ2_7TeV_pythia6_tauola_Fall11_PU_S6_START42_V14B_v1/SusyCAF_Tree_44_1_JBa.root" ],
    "FirstEntry" : 0,
    "JsonFile" : "../results_21_Feb_14//Smear//AK5Calo_ZZ_TuneZ2_7TeV_pythia6_tauola_Fall11_PU_S6_START42_V14B_v1_3.json",
    "LastEntry" : 0,
    "LogFile" : "../results_21_Feb_14//Smear//AK5Calo_ZZ_TuneZ2_7TeV_pythia6_tauola_Fall11_PU_S6_START42_V14B_v1_3.log",
    "Name" : "ZZ_TuneZ2_7TeV_pythia6_tauola_Fall11_PU_S6_START42_V14B_v1",
    "NtupleFormat" : "ICF",
    "NtupleVersion" : 3,
    "OutputFile" : "../results_21_Feb_14//Smear//AK5Calo_ZZ_TuneZ2_7TeV_pythia6_tauola_Fall11_PU_S6_START42_V14B_v1_3.root",
    "Reweight" : -1,
    "Weight" : -1
  },
  "Weighting" : "Event weights will be calculated for constant number of events: 4171045. Weighted to 100pb^-1. Weight = 0.00010278.",
  "Number of Events Processed" : 101.077,
  "Cut Flow" : 
  {
    "Tree Name" : "MC",
    "HT 250 GeV " : 
    {
      "efficiency" : 0.0894131,
      "T" : 9.03765,
      "eT" : 0.0304777,
      "F" : 92.0398,
      "eF" : 0.0972618,
      "Check if an event failed noise filtering criteria" : 
      {
        "efficiency" : 0.996293,
        "T" : 9.00414,
        "eT" : 0.0304211,
        "F" : 0.0335063,
        "eF" : 0.00185574,
        "Check if an event failed Good event selection" : 
        {
          "efficiency" : 0.995811,
          "T" : 8.96642,
          "eT" : 0.0303574,
          "F" : 0.0377203,
          "eF" : 0.00196898,
          "Veto Events with sum of cleaned rechits above 30 GeV " : 
          {
            "efficiency" : 0.990348,
            "T" : 8.87988,
            "eT" : 0.0302105,
            "F" : 0.0865408,
            "eF" : 0.00298239,
            " first Jet Eta < 2.5 rad): " : 
            {
              "efficiency" : 0.96626,
              "T" : 8.58028,
              "eT" : 0.0296965,
              "F" : 0.299604,
              "eF" : 0.00554917,
              "Second jet Pt > 100 GeV: " : 
              {
                "efficiency" : 0.492549,
                "T" : 4.22621,
                "eT" : 0.0208415,
                "F" : 4.35407,
                "eF" : 0.0211545,
                "Check if a jet failed loose quality criteria" : 
                {
                  "efficiency" : 0.999441,
                  "T" : 4.22385,
                  "eT" : 0.0208357,
                  "F" : 0.00236394,
                  "eF" : 0.000492916,
                  "Bad muon in a Jet" : 
                  {
                    "efficiency" : 0.989269,
                    "T" : 4.17852,
                    "eT" : 0.0207236,
                    "F" : 0.045326,
                    "eF" : 0.00215838,
                    "Check if a electron failed loose quality criteria" : 
                    {
                      "efficiency" : 1,
                      "T" : 4.17852,
                      "eT" : 0.0207236,
                      "F" : 0,
                      "eF" : 0,
                      "Check if a photon failed loose quality criteria" : 
                      {
                        "efficiency" : 1,
                        "T" : 4.17852,
                        "eT" : 0.0207236,
                        "F" : 0,
                        "eF" : 0,
                        "NumComElectrons Operation (num unsigned int <= 0)" : 
                        {
                          "efficiency" : 0.96763,
                          "T" : 4.04326,
                          "eT" : 0.0203854,
                          "F" : 0.135258,
                          "eF" : 0.00372852,
                          "Number of Common Photons unsigned int <= 0)" : 
                          {
                            "efficiency" : 0.99695,
                            "T" : 4.03093,
                            "eT" : 0.0203543,
                            "F" : 0.0123336,
                            "eF" : 0.0011259,
                            "Checking that  sum Vertex Pt / HT is  > 0.1 " : 
                            {
                              "efficiency" : 0.999975,
                              "T" : 4.03083,
                              "eT" : 0.0203541,
                              "F" : 0.00010278,
                              "eF" : 0.00010278,
                              "HT 275 GeV " : 
                              {
                                "efficiency" : 0.90461,
                                "T" : 3.64633,
                                "eT" : 0.019359,
                                "F" : 0.3845,
                                "eF" : 0.00628641,
                                "Dead ECAL cut 0.3 " : 
                                {
                                  "efficiency" : 0.314063,
                                  "T" : 1.14517,
                                  "eT" : 0.010849,
                                  "F" : 2.50115,
                                  "eF" : 0.0160334,
                                  "Passing MHT over MET cut of: 1.25 " : 
                                  {
                                    "efficiency" : 0.583468,
                                    "T" : 0.668173,
                                    "eT" : 0.00828703,
                                    "F" : 0.477002,
                                    "eF" : 0.00700188,
                                    "NumComMuons Operation (num unsigned int <= 0)" : 
                                    {
                                      "efficiency" : 0.948931,
                                      "T" : 0.63405,
                                      "eT" : 0.00807265,
                                      "F" : 0.034123,
                                      "eF" : 0.00187274,
                                      "HT 375 GeV " : 
                                      {
                                        "efficiency" : 0.508672,
                                        "T" : 0.322524,
                                        "eT" : 0.00575751,
                                        "F" : 0.311526,
                                        "eF" : 0.0056585,
                                        "HT less than475 GeV " : 
                                        {
                                          "efficiency" : 0.549395,
                                          "T" : 0.177193,
                                          "eT" : 0.00426754,
                                          "F" : 0.145331,
                                          "eF" : 0.00386486,
                                          "Hadronic Common Plots (bins 2 to 15) " : 
                                          {
                                            "efficiency" : 1,
                                            "T" : 0.177193,
                                            "eT" : 0.00426754,
                                            "F" : 0,
                                            "eF" : 0
                                          },
                                          "CommonAlphaTCut " : 
                                          {
                                            "efficiency" : 0.0765661,
                                            "T" : 0.013567,
                                            "eT" : 0.00118085,
                                            "F" : 0.163626,
                                            "eF" : 0.00410091,
                                            "Dumped event info  " : 
                                            {
                                              "efficiency" : 1,
                                              "T" : 0.013567,
                                              "eT" : 0.00118085,
                                              "F" : 0,
                                              "eF" : 0
                                            }
                                          }
                                        }
                                      },
                                      "HT 475 GeV " : 
                                      {
                                        "efficiency" : 0.229211,
                                        "T" : 0.145331,
                                        "eT" : 0.00386486,
                                        "F" : 0.488719,
                                        "eF" : 0.00708735,
                                        "HT less than575 GeV " : 
                                        {
                                          "efficiency" : 0.541018,
                                          "T" : 0.0786267,
                                          "eT" : 0.00284275,
                                          "F" : 0.0667042,
                                          "eF" : 0.00261837,
                                          "Hadronic Common Plots (bins 2 to 15) " : 
                                          {
                                            "efficiency" : 1,
                                            "T" : 0.0786267,
                                            "eT" : 0.00284275,
                                            "F" : 0,
                                            "eF" : 0
                                          },
                                          "CommonAlphaTCut " : 
                                          {
                                            "efficiency" : 0.0535948,
                                            "T" : 0.00421398,
                                            "eT" : 0.000658113,
                                            "F" : 0.0744127,
                                            "eF" : 0.00276553,
                                            "Dumped event info  " : 
                                            {
                                              "efficiency" : 1,
                                              "T" : 0.00421398,
                                              "eT" : 0.000658113,
                                              "F" : 0,
                                              "eF" : 0
                                            }
                                          }
                                        }
                                      },
                                      "HT 575 GeV " : 
                                      {
                                        "efficiency" : 0.105203,
                                        "T" : 0.0667042,
                                        "eT" : 0.00261837,
                                        "F" : 0.567346,
                                        "eF" : 0.00763621,
                                        "HT less than675 GeV " : 
                                        {
                                          "efficiency" : 0.511556,
                                          "T" : 0.034123,
                                          "eT" : 0.00187274,
                                          "F" : 0.0325813,
                                          "eF" : 0.00182995,
                                          "Hadronic Common Plots (bins 2 to 15) " : 
                                          {
                                            "efficiency" : 1,
                                            "T" : 0.034123,
                                            "eT" : 0.00187274,
                                            "F" : 0,
                                            "eF" : 0
                                          },
                                          "CommonAlphaTCut " : 
                                          {
                                            "efficiency" : 0.0180723,
                                            "T" : 0.00061668,
                                            "eT" : 0.000251759,
                                            "F" : 0.0335063,
                                            "eF" : 0.00185574,
                                            "Dumped event info  " : 
                                            {
                                              "efficiency" : 1,
                                              "T" : 0.00061668,
                                              "eT" : 0.000251759,
                                              "F" : 0,
                                              "eF" : 0
                                            }
                                          }
                                        }
                                      },
                                      "HT 675 GeV " : 
                                      {
                                        "efficiency" : 0.051386,
                                        "T" : 0.0325813,
                                        "eT" : 0.00182995,
                                        "F" : 0.601469,
                                        "eF" : 0.0078625,
                                        "HT less than775 GeV " : 
                                        {
                                          "efficiency" : 0.479495,
                                          "T" : 0.0156226,
                                          "eT" : 0.00126716,
                                          "F" : 0.0169587,
                                          "eF" : 0.00132023,
                                          "Hadronic Common Plots (bins 2 to 15) " : 
                                          {
                                            "efficiency" : 1,
                                            "T" : 0.0156226,
                                            "eT" : 0.00126716,
                                            "F" : 0,
                                            "eF" : 0
                                          },
                                          "CommonAlphaTCut " : 
                                          {
                                            "efficiency" : 0.0460526,
                                            "T" : 0.00071946,
                                            "eT" : 0.00027193,
                                            "F" : 0.0149031,
                                            "eF" : 0.00123764,
                                            "Dumped event info  " : 
                                            {
                                              "efficiency" : 1,
                                              "T" : 0.00071946,
                                              "eT" : 0.00027193,
                                              "F" : 0,
                                              "eF" : 0
                                            }
                                          }
                                        }
                                      },
                                      "HT 775 GeV " : 
                                      {
                                        "efficiency" : 0.0267466,
                                        "T" : 0.0169587,
                                        "eT" : 0.00132023,
                                        "F" : 0.617091,
                                        "eF" : 0.00796396,
                                        "HT less than875 GeV " : 
                                        {
                                          "efficiency" : 0.406061,
                                          "T" : 0.00688626,
                                          "eT" : 0.000841291,
                                          "F" : 0.0100724,
                                          "eF" : 0.00101747,
                                          "Hadronic Common Plots (bins 2 to 15) " : 
                                          {
                                            "efficiency" : 1,
                                            "T" : 0.00688626,
                                            "eT" : 0.000841291,
                                            "F" : 0,
                                            "eF" : 0
                                          },
                                          "CommonAlphaTCut " : 
                                          {
                                            "efficiency" : 0.0149254,
                                            "T" : 0.00010278,
                                            "eT" : 0.00010278,
                                            "F" : 0.00678348,
                                            "eF" : 0.000834989,
                                            "Dumped event info  " : 
                                            {
                                              "efficiency" : 1,
                                              "T" : 0.00010278,
                                              "eT" : 0.00010278,
                                              "F" : 0,
                                              "eF" : 0
                                            }
                                          }
                                        }
                                      },
                                      "HT 875 GeV " : 
                                      {
                                        "efficiency" : 0.0158859,
                                        "T" : 0.0100724,
                                        "eT" : 0.00101747,
                                        "F" : 0.623977,
                                        "eF" : 0.00800827,
                                        "Hadronic Common Plots (bins 2 to 15) " : 
                                        {
                                          "efficiency" : 1,
                                          "T" : 0.0100724,
                                          "eT" : 0.00101747,
                                          "F" : 0,
                                          "eF" : 0
                                        },
                                        "CommonAlphaTCut " : 
                                        {
                                          "efficiency" : 0,
                                          "T" : 0,
                                          "eT" : 0,
                                          "F" : 0.0100724,
                                          "eF" : 0.00101747,
                                          "Dumped event info  " : 
                                          {
                                            "efficiency" : 0,
                                            "T" : 0,
                                            "eT" : 0,
                                            "F" : 0,
                                            "eF" : 0
                                          }
                                        }
                                      }
                                    }
                                  }
                                }
                              }
                            }
                          }
                        }
                      }
                    }
                  }
                }
              }
            }
          }
        }
      }
    }
  }
}